<testsuites id="" name="" tests="161" failures="155" skipped="0" errors="0" time="2978.5174549999997">
<testsuite name="tenant-isolation.spec.ts" timestamp="2025-06-10T20:27:24.081Z" hostname="chromium" tests="8" failures="7" skipped="0" time="110.678" errors="0">
<testcase name="Tenant Isolation and Security › should maintain data isolation between tenants" classname="tenant-isolation.spec.ts" time="13.825">
<failure message="tenant-isolation.spec.ts:30:7 should maintain data isolation between tenants" type="FAILURE">
<![CDATA[  [chromium] › tenant-isolation.spec.ts:30:7 › Tenant Isolation and Security › should maintain data isolation between tenants 

    TimeoutError: The operation was aborted due to timeout

       at ../utils/api-helpers.ts:63

      61 |     }
      62 |
    > 63 |     const response = await fetch(url, requestOptions);
         |                      ^
      64 |
      65 |     if (process.env.DEBUG_API_CALLS === 'true') {
      66 |       console.log(`📡 API Response ${response.status}`, await response.clone().text());
        at ApiHelper.request (/home/onionlake-admin/PROJECT/gol_2025/e2e/utils/api-helpers.ts:63:22)
        at ApiHelper.registerTenantAdmin (/home/onionlake-admin/PROJECT/gol_2025/e2e/utils/api-helpers.ts:89:22)
        at /home/onionlake-admin/PROJECT/gol_2025/e2e/tests/tenant-isolation.spec.ts:43:33

    attachment #1: screenshot (image/png) ──────────────────────────────────────────────────────────
    test-results/tenant-isolation-Tenant-Is-622ac-a-isolation-between-tenants-chromium/test-failed-1.png
    ────────────────────────────────────────────────────────────────────────────────────────────────

    attachment #2: video (video/webm) ──────────────────────────────────────────────────────────────
    test-results/tenant-isolation-Tenant-Is-622ac-a-isolation-between-tenants-chromium/video.webm
    ────────────────────────────────────────────────────────────────────────────────────────────────
]]>
</failure>
<system-out>
<![CDATA[🗑️  Cleaning up all test tenants...
🗑️  Cleaning up tenant: e2e-test-1749587247042-jnh31p
🗑️  Cleaning up tenant: e2e-test-1749587247042-st6gvi

[[ATTACHMENT|test-results/tenant-isolation-Tenant-Is-622ac-a-isolation-between-tenants-chromium/test-failed-1.png]]

[[ATTACHMENT|test-results/tenant-isolation-Tenant-Is-622ac-a-isolation-between-tenants-chromium/video.webm]]
]]>
</system-out>
</testcase>
<testcase name="Tenant Isolation and Security › should prevent cross-tenant API access" classname="tenant-isolation.spec.ts" time="13.04">
<failure message="tenant-isolation.spec.ts:62:7 should prevent cross-tenant API access" type="FAILURE">
<![CDATA[  [chromium] › tenant-isolation.spec.ts:62:7 › Tenant Isolation and Security › should prevent cross-tenant API access 

    TimeoutError: The operation was aborted due to timeout

       at ../utils/api-helpers.ts:63

      61 |     }
      62 |
    > 63 |     const response = await fetch(url, requestOptions);
         |                      ^
      64 |
      65 |     if (process.env.DEBUG_API_CALLS === 'true') {
      66 |       console.log(`📡 API Response ${response.status}`, await response.clone().text());
        at ApiHelper.request (/home/onionlake-admin/PROJECT/gol_2025/e2e/utils/api-helpers.ts:63:22)
        at ApiHelper.registerTenantAdmin (/home/onionlake-admin/PROJECT/gol_2025/e2e/utils/api-helpers.ts:89:22)
        at /home/onionlake-admin/PROJECT/gol_2025/e2e/tests/tenant-isolation.spec.ts:68:24

    attachment #1: screenshot (image/png) ──────────────────────────────────────────────────────────
    test-results/tenant-isolation-Tenant-Is-9cdfb-ent-cross-tenant-API-access-chromium/test-failed-1.png
    ────────────────────────────────────────────────────────────────────────────────────────────────

    attachment #2: video (video/webm) ──────────────────────────────────────────────────────────────
    test-results/tenant-isolation-Tenant-Is-9cdfb-ent-cross-tenant-API-access-chromium/video.webm
    ────────────────────────────────────────────────────────────────────────────────────────────────
]]>
</failure>
<system-out>
<![CDATA[🗑️  Cleaning up all test tenants...
🗑️  Cleaning up tenant: e2e-test-1749587264876-khhd3r
🗑️  Cleaning up tenant: e2e-test-1749587264876-74csi3

[[ATTACHMENT|test-results/tenant-isolation-Tenant-Is-9cdfb-ent-cross-tenant-API-access-chromium/test-failed-1.png]]

[[ATTACHMENT|test-results/tenant-isolation-Tenant-Is-9cdfb-ent-cross-tenant-API-access-chromium/video.webm]]
]]>
</system-out>
</testcase>
<testcase name="Tenant Isolation and Security › should handle invalid tenant slugs gracefully" classname="tenant-isolation.spec.ts" time="13.852">
<failure message="tenant-isolation.spec.ts:88:7 should handle invalid tenant slugs gracefully" type="FAILURE">
<![CDATA[  [chromium] › tenant-isolation.spec.ts:88:7 › Tenant Isolation and Security › should handle invalid tenant slugs gracefully 

    Error: Timed out 10000ms waiting for expect(locator).toBeVisible()

    Locator: locator('text=404')
    Expected: visible
    Received: <element(s) not found>
    Call log:
      - expect.toBeVisible with timeout 10000ms
      - waiting for locator('text=404')


      91 |     
      92 |     // Should show 404 or redirect to error page
    > 93 |     await expect(page.locator('text=404')).toBeVisible();
         |                                            ^
      94 |   });
      95 |
      96 |   test('should validate tenant status before allowing access', async ({ page }) => {
        at /home/onionlake-admin/PROJECT/gol_2025/e2e/tests/tenant-isolation.spec.ts:93:44

    attachment #1: screenshot (image/png) ──────────────────────────────────────────────────────────
    test-results/tenant-isolation-Tenant-Is-8aa70-lid-tenant-slugs-gracefully-chromium/test-failed-1.png
    ────────────────────────────────────────────────────────────────────────────────────────────────

    attachment #2: video (video/webm) ──────────────────────────────────────────────────────────────
    test-results/tenant-isolation-Tenant-Is-8aa70-lid-tenant-slugs-gracefully-chromium/video.webm
    ────────────────────────────────────────────────────────────────────────────────────────────────

    Error Context: ../test-results/tenant-isolation-Tenant-Is-8aa70-lid-tenant-slugs-gracefully-chromium/error-context.md
]]>
</failure>
<system-out>
<![CDATA[🗑️  Cleaning up all test tenants...

[[ATTACHMENT|test-results/tenant-isolation-Tenant-Is-8aa70-lid-tenant-slugs-gracefully-chromium/test-failed-1.png]]

[[ATTACHMENT|test-results/tenant-isolation-Tenant-Is-8aa70-lid-tenant-slugs-gracefully-chromium/video.webm]]

[[ATTACHMENT|test-results/tenant-isolation-Tenant-Is-8aa70-lid-tenant-slugs-gracefully-chromium/error-context.md]]
]]>
</system-out>
</testcase>
<testcase name="Tenant Isolation and Security › should validate tenant status before allowing access" classname="tenant-isolation.spec.ts" time="12.304">
<failure message="tenant-isolation.spec.ts:96:7 should validate tenant status before allowing access" type="FAILURE">
<![CDATA[  [chromium] › tenant-isolation.spec.ts:96:7 › Tenant Isolation and Security › should validate tenant status before allowing access 

    Error: expect(received).toBe(expected) // Object.is equality

    Expected: true
    Received: false

       99 |     // Register tenant
      100 |     const registration = await apiHelper.registerTenantAdmin(testData);
    > 101 |     expect(registration.success).toBe(true);
          |                                  ^
      102 |     
      103 |     // Verify tenant is active and accessible
      104 |     await page.goto(`/${testData.organizationSlug}/admin`);
        at /home/onionlake-admin/PROJECT/gol_2025/e2e/tests/tenant-isolation.spec.ts:101:34

    attachment #1: screenshot (image/png) ──────────────────────────────────────────────────────────
    test-results/tenant-isolation-Tenant-Is-3a6f4-atus-before-allowing-access-chromium/test-failed-1.png
    ────────────────────────────────────────────────────────────────────────────────────────────────

    attachment #2: video (video/webm) ──────────────────────────────────────────────────────────────
    test-results/tenant-isolation-Tenant-Is-3a6f4-atus-before-allowing-access-chromium/video.webm
    ────────────────────────────────────────────────────────────────────────────────────────────────

    Error Context: ../test-results/tenant-isolation-Tenant-Is-3a6f4-atus-before-allowing-access-chromium/error-context.md
]]>
</failure>
<system-out>
<![CDATA[📡 API Response 500: {"success":false,"message":"Registration failed","errors":{"error":"An unexpected error occurred"}}
🗑️  Cleaning up all test tenants...
🗑️  Cleaning up tenant: e2e-test-1749587298995-v6ggex

[[ATTACHMENT|test-results/tenant-isolation-Tenant-Is-3a6f4-atus-before-allowing-access-chromium/test-failed-1.png]]

[[ATTACHMENT|test-results/tenant-isolation-Tenant-Is-3a6f4-atus-before-allowing-access-chromium/video.webm]]

[[ATTACHMENT|test-results/tenant-isolation-Tenant-Is-3a6f4-atus-before-allowing-access-chromium/error-context.md]]
]]>
</system-out>
</testcase>
<testcase name="Tenant Isolation and Security › should maintain session isolation between browser contexts" classname="tenant-isolation.spec.ts" time="10.146">
<failure message="tenant-isolation.spec.ts:111:7 should maintain session isolation between browser contexts" type="FAILURE">
<![CDATA[  [chromium] › tenant-isolation.spec.ts:111:7 › Tenant Isolation and Security › should maintain session isolation between browser contexts 

    TimeoutError: The operation was aborted due to timeout

       at ../utils/api-helpers.ts:63

      61 |     }
      62 |
    > 63 |     const response = await fetch(url, requestOptions);
         |                      ^
      64 |
      65 |     if (process.env.DEBUG_API_CALLS === 'true') {
      66 |       console.log(`📡 API Response ${response.status}`, await response.clone().text());
        at ApiHelper.request (/home/onionlake-admin/PROJECT/gol_2025/e2e/utils/api-helpers.ts:63:22)
        at ApiHelper.registerTenantAdmin (/home/onionlake-admin/PROJECT/gol_2025/e2e/utils/api-helpers.ts:89:22)
        at /home/onionlake-admin/PROJECT/gol_2025/e2e/tests/tenant-isolation.spec.ts:116:5
]]>
</failure>
<system-out>
<![CDATA[🗑️  Cleaning up all test tenants...
🗑️  Cleaning up tenant: e2e-test-1749587314310-eem96q
🗑️  Cleaning up tenant: e2e-test-1749587314310-rzyosw
]]>
</system-out>
</testcase>
<testcase name="Tenant Isolation and Security › should handle concurrent tenant registrations" classname="tenant-isolation.spec.ts" time="14.626">
<failure message="tenant-isolation.spec.ts:139:7 should handle concurrent tenant registrations" type="FAILURE">
<![CDATA[  [chromium] › tenant-isolation.spec.ts:139:7 › Tenant Isolation and Security › should handle concurrent tenant registrations 

    TimeoutError: The operation was aborted due to timeout

       at ../utils/api-helpers.ts:63

      61 |     }
      62 |
    > 63 |     const response = await fetch(url, requestOptions);
         |                      ^
      64 |
      65 |     if (process.env.DEBUG_API_CALLS === 'true') {
      66 |       console.log(`📡 API Response ${response.status}`, await response.clone().text());
        at ApiHelper.request (/home/onionlake-admin/PROJECT/gol_2025/e2e/utils/api-helpers.ts:63:22)
        at ApiHelper.registerTenantAdmin (/home/onionlake-admin/PROJECT/gol_2025/e2e/utils/api-helpers.ts:89:22)
        at /home/onionlake-admin/PROJECT/gol_2025/e2e/tests/tenant-isolation.spec.ts:148:21

    attachment #1: screenshot (image/png) ──────────────────────────────────────────────────────────
    test-results/tenant-isolation-Tenant-Is-19ba7-urrent-tenant-registrations-chromium/test-failed-1.png
    ────────────────────────────────────────────────────────────────────────────────────────────────

    attachment #2: video (video/webm) ──────────────────────────────────────────────────────────────
    test-results/tenant-isolation-Tenant-Is-19ba7-urrent-tenant-registrations-chromium/video.webm
    ────────────────────────────────────────────────────────────────────────────────────────────────
]]>
</failure>
<system-out>
<![CDATA[🗑️  Cleaning up all test tenants...
🗑️  Cleaning up tenant: e2e-test-1749587331236-zqopzb
🗑️  Cleaning up tenant: e2e-test-1749587331236-ychxxz
🗑️  Cleaning up tenant: e2e-test-1749587331236-snyf6v

[[ATTACHMENT|test-results/tenant-isolation-Tenant-Is-19ba7-urrent-tenant-registrations-chromium/test-failed-1.png]]

[[ATTACHMENT|test-results/tenant-isolation-Tenant-Is-19ba7-urrent-tenant-registrations-chromium/video.webm]]
]]>
</system-out>
</testcase>
<testcase name="Tenant Isolation and Security › should prevent SQL injection in tenant identification" classname="tenant-isolation.spec.ts" time="18.878">
<failure message="tenant-isolation.spec.ts:162:7 should prevent SQL injection in tenant identification" type="FAILURE">
<![CDATA[  [chromium] › tenant-isolation.spec.ts:162:7 › Tenant Isolation and Security › should prevent SQL injection in tenant identification 

    TimeoutError: page.waitForResponse: Timeout 10000ms exceeded while waiting for event "response"

      167 |     
      168 |     // Should return 404 or proper error, not execute SQL
    > 169 |     const response = await page.waitForResponse(response => 
          |                                 ^
      170 |       response.url().includes(encodeURIComponent(maliciousSlug))
      171 |     );
      172 |     
        at /home/onionlake-admin/PROJECT/gol_2025/e2e/tests/tenant-isolation.spec.ts:169:33

    attachment #1: screenshot (image/png) ──────────────────────────────────────────────────────────
    test-results/tenant-isolation-Tenant-Is-696b1-on-in-tenant-identification-chromium/test-failed-1.png
    ────────────────────────────────────────────────────────────────────────────────────────────────

    attachment #2: video (video/webm) ──────────────────────────────────────────────────────────────
    test-results/tenant-isolation-Tenant-Is-696b1-on-in-tenant-identification-chromium/video.webm
    ────────────────────────────────────────────────────────────────────────────────────────────────
]]>
</failure>
<system-out>
<![CDATA[🗑️  Cleaning up all test tenants...

[[ATTACHMENT|test-results/tenant-isolation-Tenant-Is-696b1-on-in-tenant-identification-chromium/test-failed-1.png]]

[[ATTACHMENT|test-results/tenant-isolation-Tenant-Is-696b1-on-in-tenant-identification-chromium/video.webm]]
]]>
</system-out>
</testcase>
<testcase name="Tenant Isolation and Security › should handle special characters in tenant slugs safely" classname="tenant-isolation.spec.ts" time="14.007">
<system-out>
<![CDATA[🗑️  Cleaning up all test tenants...
]]>
</system-out>
</testcase>
</testsuite>
<testsuite name="tenant-registration.spec.ts" timestamp="2025-06-10T20:27:24.081Z" hostname="chromium" tests="15" failures="15" skipped="0" time="232.878" errors="0">
<testcase name="Tenant Registration E2E Flow › Successful Registration Flow › should complete full tenant registration with valid data" classname="tenant-registration.spec.ts" time="14.482">
<failure message="tenant-registration.spec.ts:47:9 should complete full tenant registration with valid data" type="FAILURE">
<![CDATA[  [chromium] › tenant-registration.spec.ts:47:9 › Tenant Registration E2E Flow › Successful Registration Flow › should complete full tenant registration with valid data 

    Error: Timed out 10000ms waiting for expect(locator).toHaveURL(expected)

    Locator: locator(':root')
    Expected pattern: /\/e2e-test-1749587396212-3hwtjg\/admin/
    Received string:  "http://localhost:3000/register-org"
    Call log:
      - expect.toHaveURL with timeout 10000ms
      - waiting for locator(':root')
        13 × locator resolved to <html lang="en">…</html>
           - unexpected value "http://localhost:3000/register-org"


      58 |       
      59 |       // Wait for redirect to tenant dashboard
    > 60 |       await expect(page).toHaveURL(new RegExp(`/${testData.organizationSlug}/admin`));
         |                          ^
      61 |       
      62 |       // Verify we're on the tenant dashboard
      63 |       await expect(page.locator('h1')).toContainText('Dashboard');
        at /home/onionlake-admin/PROJECT/gol_2025/e2e/tests/tenant-registration.spec.ts:60:26

    attachment #1: screenshot (image/png) ──────────────────────────────────────────────────────────
    test-results/tenant-registration-Tenant-3bda2-egistration-with-valid-data-chromium/test-failed-1.png
    ────────────────────────────────────────────────────────────────────────────────────────────────

    attachment #2: video (video/webm) ──────────────────────────────────────────────────────────────
    test-results/tenant-registration-Tenant-3bda2-egistration-with-valid-data-chromium/video.webm
    ────────────────────────────────────────────────────────────────────────────────────────────────

    Error Context: ../test-results/tenant-registration-Tenant-3bda2-egistration-with-valid-data-chromium/error-context.md
]]>
</failure>
<system-out>
<![CDATA[🗑️  Cleaning up all test tenants...
🗑️  Cleaning up tenant: e2e-test-1749587396212-3hwtjg

[[ATTACHMENT|test-results/tenant-registration-Tenant-3bda2-egistration-with-valid-data-chromium/test-failed-1.png]]

[[ATTACHMENT|test-results/tenant-registration-Tenant-3bda2-egistration-with-valid-data-chromium/video.webm]]

[[ATTACHMENT|test-results/tenant-registration-Tenant-3bda2-egistration-with-valid-data-chromium/error-context.md]]
]]>
</system-out>
</testcase>
<testcase name="Tenant Registration E2E Flow › Successful Registration Flow › should auto-generate slug when not provided" classname="tenant-registration.spec.ts" time="15.837">
<failure message="tenant-registration.spec.ts:78:9 should auto-generate slug when not provided" type="FAILURE">
<![CDATA[  [chromium] › tenant-registration.spec.ts:78:9 › Tenant Registration E2E Flow › Successful Registration Flow › should auto-generate slug when not provided 

    Error: Timed out 10000ms waiting for expect(locator).toHaveURL(expected)

    Locator: locator(':root')
    Expected pattern: /\/springfield-elementary-school\/admin/
    Received string:  "http://localhost:3000/register-org"
    Call log:
      - expect.toHaveURL with timeout 10000ms
      - waiting for locator(':root')
        13 × locator resolved to <html lang="en">…</html>
           - unexpected value "http://localhost:3000/register-org"


       95 |       // Submit and verify success
       96 |       await page.click(FORM_SELECTORS.submitButton);
    >  97 |       await expect(page).toHaveURL(new RegExp('/springfield-elementary-school/admin'));
          |                          ^
       98 |     });
       99 |
      100 |     test('should handle slug validation and availability checking', async ({ page }) => {
        at /home/onionlake-admin/PROJECT/gol_2025/e2e/tests/tenant-registration.spec.ts:97:26

    attachment #1: screenshot (image/png) ──────────────────────────────────────────────────────────
    test-results/tenant-registration-Tenant-49a98-rate-slug-when-not-provided-chromium/test-failed-1.png
    ────────────────────────────────────────────────────────────────────────────────────────────────

    attachment #2: video (video/webm) ──────────────────────────────────────────────────────────────
    test-results/tenant-registration-Tenant-49a98-rate-slug-when-not-provided-chromium/video.webm
    ────────────────────────────────────────────────────────────────────────────────────────────────

    Error Context: ../test-results/tenant-registration-Tenant-49a98-rate-slug-when-not-provided-chromium/error-context.md
]]>
</failure>
<system-out>
<![CDATA[🗑️  Cleaning up all test tenants...
🗑️  Cleaning up tenant: e2e-test-1749587418326-fghpcb

[[ATTACHMENT|test-results/tenant-registration-Tenant-49a98-rate-slug-when-not-provided-chromium/test-failed-1.png]]

[[ATTACHMENT|test-results/tenant-registration-Tenant-49a98-rate-slug-when-not-provided-chromium/video.webm]]

[[ATTACHMENT|test-results/tenant-registration-Tenant-49a98-rate-slug-when-not-provided-chromium/error-context.md]]
]]>
</system-out>
</testcase>
<testcase name="Tenant Registration E2E Flow › Successful Registration Flow › should handle slug validation and availability checking" classname="tenant-registration.spec.ts" time="16.791">
<failure message="tenant-registration.spec.ts:100:9 should handle slug validation and availability checking" type="FAILURE">
<![CDATA[  [chromium] › tenant-registration.spec.ts:100:9 › Tenant Registration E2E Flow › Successful Registration Flow › should handle slug validation and availability checking 

    Error: Timed out 10000ms waiting for expect(locator).toHaveURL(expected)

    Locator: locator(':root')
    Expected pattern: /\/e2e-test-1749587440308-k2mco5\/admin/
    Received string:  "http://localhost:3000/register-org"
    Call log:
      - expect.toHaveURL with timeout 10000ms
      - waiting for locator(':root')
        13 × locator resolved to <html lang="en">…</html>
           - unexpected value "http://localhost:3000/register-org"


      121 |       
      122 |       // Verify successful registration
    > 123 |       await expect(page).toHaveURL(new RegExp(`/${testData.organizationSlug}/admin`));
          |                          ^
      124 |     });
      125 |   });
      126 |
        at /home/onionlake-admin/PROJECT/gol_2025/e2e/tests/tenant-registration.spec.ts:123:26

    attachment #1: screenshot (image/png) ──────────────────────────────────────────────────────────
    test-results/tenant-registration-Tenant-7138c-n-and-availability-checking-chromium/test-failed-1.png
    ────────────────────────────────────────────────────────────────────────────────────────────────

    attachment #2: video (video/webm) ──────────────────────────────────────────────────────────────
    test-results/tenant-registration-Tenant-7138c-n-and-availability-checking-chromium/video.webm
    ────────────────────────────────────────────────────────────────────────────────────────────────

    Error Context: ../test-results/tenant-registration-Tenant-7138c-n-and-availability-checking-chromium/error-context.md
]]>
</failure>
<system-out>
<![CDATA[🗑️  Cleaning up all test tenants...
🗑️  Cleaning up tenant: e2e-test-1749587440308-k2mco5

[[ATTACHMENT|test-results/tenant-registration-Tenant-7138c-n-and-availability-checking-chromium/test-failed-1.png]]

[[ATTACHMENT|test-results/tenant-registration-Tenant-7138c-n-and-availability-checking-chromium/video.webm]]

[[ATTACHMENT|test-results/tenant-registration-Tenant-7138c-n-and-availability-checking-chromium/error-context.md]]
]]>
</system-out>
</testcase>
<testcase name="Tenant Registration E2E Flow › Form Validation › should show validation errors for missing required fields" classname="tenant-registration.spec.ts" time="14.154">
<failure message="tenant-registration.spec.ts:128:9 should show validation errors for missing required fields" type="FAILURE">
<![CDATA[  [chromium] › tenant-registration.spec.ts:128:9 › Tenant Registration E2E Flow › Form Validation › should show validation errors for missing required fields 

    Error: Timed out 10000ms waiting for expect(locator).toBeVisible()

    Locator: locator('text=Organization name is required')
    Expected: visible
    Received: <element(s) not found>
    Call log:
      - expect.toBeVisible with timeout 10000ms
      - waiting for locator('text=Organization name is required')


      133 |       
      134 |       // Should show validation errors
    > 135 |       await expect(page.locator('text=Organization name is required')).toBeVisible();
          |                                                                        ^
      136 |       await expect(page.locator('text=Your full name is required')).toBeVisible();
      137 |       await expect(page.locator('text=Email address is required')).toBeVisible();
      138 |       
        at /home/onionlake-admin/PROJECT/gol_2025/e2e/tests/tenant-registration.spec.ts:135:72

    attachment #1: screenshot (image/png) ──────────────────────────────────────────────────────────
    test-results/tenant-registration-Tenant-ba499-for-missing-required-fields-chromium/test-failed-1.png
    ────────────────────────────────────────────────────────────────────────────────────────────────

    attachment #2: video (video/webm) ──────────────────────────────────────────────────────────────
    test-results/tenant-registration-Tenant-ba499-for-missing-required-fields-chromium/video.webm
    ────────────────────────────────────────────────────────────────────────────────────────────────

    Error Context: ../test-results/tenant-registration-Tenant-ba499-for-missing-required-fields-chromium/error-context.md
]]>
</failure>
<system-out>
<![CDATA[🗑️  Cleaning up all test tenants...
🗑️  Cleaning up tenant: e2e-test-1749587463026-3nrvn7

[[ATTACHMENT|test-results/tenant-registration-Tenant-ba499-for-missing-required-fields-chromium/test-failed-1.png]]

[[ATTACHMENT|test-results/tenant-registration-Tenant-ba499-for-missing-required-fields-chromium/video.webm]]

[[ATTACHMENT|test-results/tenant-registration-Tenant-ba499-for-missing-required-fields-chromium/error-context.md]]
]]>
</system-out>
</testcase>
<testcase name="Tenant Registration E2E Flow › Form Validation › should validate email format" classname="tenant-registration.spec.ts" time="14.347">
<failure message="tenant-registration.spec.ts:143:9 should validate email format" type="FAILURE">
<![CDATA[  [chromium] › tenant-registration.spec.ts:143:9 › Tenant Registration E2E Flow › Form Validation › should validate email format 

    Error: Timed out 10000ms waiting for expect(locator).toBeVisible()

    Locator: locator('text=Please enter a valid email address')
    Expected: visible
    Received: <element(s) not found>
    Call log:
      - expect.toBeVisible with timeout 10000ms
      - waiting for locator('text=Please enter a valid email address')


      148 |       
      149 |       // Should show email validation error
    > 150 |       await expect(page.locator('text=Please enter a valid email address')).toBeVisible();
          |                                                                             ^
      151 |       await expect(page).toHaveURL('/register-org');
      152 |     });
      153 |
        at /home/onionlake-admin/PROJECT/gol_2025/e2e/tests/tenant-registration.spec.ts:150:77

    attachment #1: screenshot (image/png) ──────────────────────────────────────────────────────────
    test-results/tenant-registration-Tenant-480ae-hould-validate-email-format-chromium/test-failed-1.png
    ────────────────────────────────────────────────────────────────────────────────────────────────

    attachment #2: video (video/webm) ──────────────────────────────────────────────────────────────
    test-results/tenant-registration-Tenant-480ae-hould-validate-email-format-chromium/video.webm
    ────────────────────────────────────────────────────────────────────────────────────────────────

    Error Context: ../test-results/tenant-registration-Tenant-480ae-hould-validate-email-format-chromium/error-context.md
]]>
</failure>
<system-out>
<![CDATA[🗑️  Cleaning up all test tenants...
🗑️  Cleaning up tenant: e2e-test-1749587479780-cxnel2

[[ATTACHMENT|test-results/tenant-registration-Tenant-480ae-hould-validate-email-format-chromium/test-failed-1.png]]

[[ATTACHMENT|test-results/tenant-registration-Tenant-480ae-hould-validate-email-format-chromium/video.webm]]

[[ATTACHMENT|test-results/tenant-registration-Tenant-480ae-hould-validate-email-format-chromium/error-context.md]]
]]>
</system-out>
</testcase>
<testcase name="Tenant Registration E2E Flow › Form Validation › should validate password confirmation match" classname="tenant-registration.spec.ts" time="15.614">
<failure message="tenant-registration.spec.ts:154:9 should validate password confirmation match" type="FAILURE">
<![CDATA[  [chromium] › tenant-registration.spec.ts:154:9 › Tenant Registration E2E Flow › Form Validation › should validate password confirmation match 

    Error: Timed out 10000ms waiting for expect(locator).toBeVisible()

    Locator: locator('text=Passwords do not match')
    Expected: visible
    Received: <element(s) not found>
    Call log:
      - expect.toBeVisible with timeout 10000ms
      - waiting for locator('text=Passwords do not match')


      159 |       
      160 |       // Should show password mismatch error
    > 161 |       await expect(page.locator('text=Passwords do not match')).toBeVisible();
          |                                                                 ^
      162 |       await expect(page).toHaveURL('/register-org');
      163 |     });
      164 |
        at /home/onionlake-admin/PROJECT/gol_2025/e2e/tests/tenant-registration.spec.ts:161:65

    attachment #1: screenshot (image/png) ──────────────────────────────────────────────────────────
    test-results/tenant-registration-Tenant-653d6-password-confirmation-match-chromium/test-failed-1.png
    ────────────────────────────────────────────────────────────────────────────────────────────────

    attachment #2: video (video/webm) ──────────────────────────────────────────────────────────────
    test-results/tenant-registration-Tenant-653d6-password-confirmation-match-chromium/video.webm
    ────────────────────────────────────────────────────────────────────────────────────────────────

    Error Context: ../test-results/tenant-registration-Tenant-653d6-password-confirmation-match-chromium/error-context.md
]]>
</failure>
<system-out>
<![CDATA[🗑️  Cleaning up all test tenants...
🗑️  Cleaning up tenant: e2e-test-1749587497474-6o6pg5

[[ATTACHMENT|test-results/tenant-registration-Tenant-653d6-password-confirmation-match-chromium/test-failed-1.png]]

[[ATTACHMENT|test-results/tenant-registration-Tenant-653d6-password-confirmation-match-chromium/video.webm]]

[[ATTACHMENT|test-results/tenant-registration-Tenant-653d6-password-confirmation-match-chromium/error-context.md]]
]]>
</system-out>
</testcase>
<testcase name="Tenant Registration E2E Flow › Form Validation › should validate slug format" classname="tenant-registration.spec.ts" time="15.247">
<failure message="tenant-registration.spec.ts:165:9 should validate slug format" type="FAILURE">
<![CDATA[  [chromium] › tenant-registration.spec.ts:165:9 › Tenant Registration E2E Flow › Form Validation › should validate slug format 

    Error: Timed out 10000ms waiting for expect(locator).toBeVisible()

    Locator: locator('text=Organization slug must be 3-50 characters')
    Expected: visible
    Received: <element(s) not found>
    Call log:
      - expect.toBeVisible with timeout 10000ms
      - waiting for locator('text=Organization slug must be 3-50 characters')


      170 |       
      171 |       // Should show slug format error
    > 172 |       await expect(page.locator('text=Organization slug must be 3-50 characters')).toBeVisible();
          |                                                                                    ^
      173 |       await expect(page).toHaveURL('/register-org');
      174 |     });
      175 |   });
        at /home/onionlake-admin/PROJECT/gol_2025/e2e/tests/tenant-registration.spec.ts:172:84

    attachment #1: screenshot (image/png) ──────────────────────────────────────────────────────────
    test-results/tenant-registration-Tenant-2d1fe-should-validate-slug-format-chromium/test-failed-1.png
    ────────────────────────────────────────────────────────────────────────────────────────────────

    attachment #2: video (video/webm) ──────────────────────────────────────────────────────────────
    test-results/tenant-registration-Tenant-2d1fe-should-validate-slug-format-chromium/video.webm
    ────────────────────────────────────────────────────────────────────────────────────────────────

    Error Context: ../test-results/tenant-registration-Tenant-2d1fe-should-validate-slug-format-chromium/error-context.md
]]>
</failure>
<system-out>
<![CDATA[🗑️  Cleaning up all test tenants...
🗑️  Cleaning up tenant: e2e-test-1749587516689-hkiypt

[[ATTACHMENT|test-results/tenant-registration-Tenant-2d1fe-should-validate-slug-format-chromium/test-failed-1.png]]

[[ATTACHMENT|test-results/tenant-registration-Tenant-2d1fe-should-validate-slug-format-chromium/video.webm]]

[[ATTACHMENT|test-results/tenant-registration-Tenant-2d1fe-should-validate-slug-format-chromium/error-context.md]]
]]>
</system-out>
</testcase>
<testcase name="Tenant Registration E2E Flow › Duplicate Slug Handling › should prevent registration with duplicate slug" classname="tenant-registration.spec.ts" time="16.493">
<failure message="tenant-registration.spec.ts:178:9 should prevent registration with duplicate slug" type="FAILURE">
<![CDATA[  [chromium] › tenant-registration.spec.ts:178:9 › Tenant Registration E2E Flow › Duplicate Slug Handling › should prevent registration with duplicate slug 

    Error: expect(received).toBe(expected) // Object.is equality

    Expected: true
    Received: false

      181 |       // First, create the existing tenant via API
      182 |       const firstRegistration = await apiHelper.registerTenantAdmin(existingTenant);
    > 183 |       expect(firstRegistration.success).toBe(true);
          |                                         ^
      184 |       
      185 |       // Now try to register with the same slug via UI
      186 |       await fillRegistrationForm(page, duplicateTenant);
        at /home/onionlake-admin/PROJECT/gol_2025/e2e/tests/tenant-registration.spec.ts:183:41

    attachment #1: screenshot (image/png) ──────────────────────────────────────────────────────────
    test-results/tenant-registration-Tenant-12c02-tration-with-duplicate-slug-chromium/test-failed-1.png
    ────────────────────────────────────────────────────────────────────────────────────────────────

    attachment #2: video (video/webm) ──────────────────────────────────────────────────────────────
    test-results/tenant-registration-Tenant-12c02-tration-with-duplicate-slug-chromium/video.webm
    ────────────────────────────────────────────────────────────────────────────────────────────────

    Error Context: ../test-results/tenant-registration-Tenant-12c02-tration-with-duplicate-slug-chromium/error-context.md
]]>
</failure>
<system-out>
<![CDATA[📡 API Response 500: {"success":false,"message":"Registration failed","errors":{"error":"An unexpected error occurred"}}
🗑️  Cleaning up all test tenants...
🗑️  Cleaning up tenant: e2e-test-1749587538832-1h8hkr
🗑️  Cleaning up tenant: e2e-test-1749587538832-ugw5b3

[[ATTACHMENT|test-results/tenant-registration-Tenant-12c02-tration-with-duplicate-slug-chromium/test-failed-1.png]]

[[ATTACHMENT|test-results/tenant-registration-Tenant-12c02-tration-with-duplicate-slug-chromium/video.webm]]

[[ATTACHMENT|test-results/tenant-registration-Tenant-12c02-tration-with-duplicate-slug-chromium/error-context.md]]
]]>
</system-out>
</testcase>
<testcase name="Tenant Registration E2E Flow › API Integration › should handle API errors gracefully" classname="tenant-registration.spec.ts" time="18.403">
<failure message="tenant-registration.spec.ts:200:9 should handle API errors gracefully" type="FAILURE">
<![CDATA[  [chromium] › tenant-registration.spec.ts:200:9 › Tenant Registration E2E Flow › API Integration › should handle API errors gracefully 

    Error: Timed out 10000ms waiting for expect(locator).toBeVisible()

    Locator: locator('text=An unexpected error occurred')
    Expected: visible
    Received: <element(s) not found>
    Call log:
      - expect.toBeVisible with timeout 10000ms
      - waiting for locator('text=An unexpected error occurred')


      216 |       
      217 |       // Should show error message
    > 218 |       await expect(page.locator('text=An unexpected error occurred')).toBeVisible();
          |                                                                       ^
      219 |       await expect(page).toHaveURL('/register-org');
      220 |     });
      221 |
        at /home/onionlake-admin/PROJECT/gol_2025/e2e/tests/tenant-registration.spec.ts:218:71

    attachment #1: screenshot (image/png) ──────────────────────────────────────────────────────────
    test-results/tenant-registration-Tenant-fe921-andle-API-errors-gracefully-chromium/test-failed-1.png
    ────────────────────────────────────────────────────────────────────────────────────────────────

    attachment #2: video (video/webm) ──────────────────────────────────────────────────────────────
    test-results/tenant-registration-Tenant-fe921-andle-API-errors-gracefully-chromium/video.webm
    ────────────────────────────────────────────────────────────────────────────────────────────────

    Error Context: ../test-results/tenant-registration-Tenant-fe921-andle-API-errors-gracefully-chromium/error-context.md
]]>
</failure>
<system-out>
<![CDATA[🗑️  Cleaning up all test tenants...
🗑️  Cleaning up tenant: e2e-test-1749587563363-rea6xj

[[ATTACHMENT|test-results/tenant-registration-Tenant-fe921-andle-API-errors-gracefully-chromium/test-failed-1.png]]

[[ATTACHMENT|test-results/tenant-registration-Tenant-fe921-andle-API-errors-gracefully-chromium/video.webm]]

[[ATTACHMENT|test-results/tenant-registration-Tenant-fe921-andle-API-errors-gracefully-chromium/error-context.md]]
]]>
</system-out>
</testcase>
<testcase name="Tenant Registration E2E Flow › API Integration › should validate API response structure" classname="tenant-registration.spec.ts" time="9.321">
<failure message="tenant-registration.spec.ts:222:9 should validate API response structure" type="FAILURE">
<![CDATA[  [chromium] › tenant-registration.spec.ts:222:9 › Tenant Registration E2E Flow › API Integration › should validate API response structure 

    Error: expect(received).toBe(expected) // Object.is equality

    Expected: true
    Received: false

      245 |
      246 |       // Validate that API call was made
    > 247 |       expect(apiCallMade).toBe(true);
          |                           ^
      248 |       expect(apiRequestBody).toBeDefined();
      249 |
      250 |       // Validate API request structure
        at /home/onionlake-admin/PROJECT/gol_2025/e2e/tests/tenant-registration.spec.ts:247:27

    attachment #1: screenshot (image/png) ──────────────────────────────────────────────────────────
    test-results/tenant-registration-Tenant-f40bd-date-API-response-structure-chromium/test-failed-1.png
    ────────────────────────────────────────────────────────────────────────────────────────────────

    attachment #2: video (video/webm) ──────────────────────────────────────────────────────────────
    test-results/tenant-registration-Tenant-f40bd-date-API-response-structure-chromium/video.webm
    ────────────────────────────────────────────────────────────────────────────────────────────────

    Error Context: ../test-results/tenant-registration-Tenant-f40bd-date-API-response-structure-chromium/error-context.md
]]>
</failure>
<system-out>
<![CDATA[🗑️  Cleaning up all test tenants...
🗑️  Cleaning up tenant: e2e-test-1749587586611-ff60ue

[[ATTACHMENT|test-results/tenant-registration-Tenant-f40bd-date-API-response-structure-chromium/test-failed-1.png]]

[[ATTACHMENT|test-results/tenant-registration-Tenant-f40bd-date-API-response-structure-chromium/video.webm]]

[[ATTACHMENT|test-results/tenant-registration-Tenant-f40bd-date-API-response-structure-chromium/error-context.md]]
]]>
</system-out>
</testcase>
<testcase name="Tenant Registration E2E Flow › Tenant Path-Based Access › should enable access via path-based tenant identification" classname="tenant-registration.spec.ts" time="17.612">
<failure message="tenant-registration.spec.ts:270:9 should enable access via path-based tenant identification" type="FAILURE">
<![CDATA[  [chromium] › tenant-registration.spec.ts:270:9 › Tenant Registration E2E Flow › Tenant Path-Based Access › should enable access via path-based tenant identification 

    Error: Timed out 10000ms waiting for expect(locator).toHaveURL(expected)

    Locator: locator(':root')
    Expected pattern: /\/e2e-test-1749587602562-pkhjrb\/admin/
    Received string:  "http://localhost:3000/register-org"
    Call log:
      - expect.toHaveURL with timeout 10000ms
      - waiting for locator(':root')
        13 × locator resolved to <html lang="en">…</html>
           - unexpected value "http://localhost:3000/register-org"


      274 |       await fillRegistrationForm(page, testData);
      275 |       await page.click(FORM_SELECTORS.submitButton);
    > 276 |       await expect(page).toHaveURL(new RegExp(`/${testData.organizationSlug}/admin`));
          |                          ^
      277 |
      278 |       // Extract auth token from cookies for API testing
      279 |       const cookies = await page.context().cookies();
        at /home/onionlake-admin/PROJECT/gol_2025/e2e/tests/tenant-registration.spec.ts:276:26

    attachment #1: screenshot (image/png) ──────────────────────────────────────────────────────────
    test-results/tenant-registration-Tenant-0873b-based-tenant-identification-chromium/test-failed-1.png
    ────────────────────────────────────────────────────────────────────────────────────────────────

    attachment #2: video (video/webm) ──────────────────────────────────────────────────────────────
    test-results/tenant-registration-Tenant-0873b-based-tenant-identification-chromium/video.webm
    ────────────────────────────────────────────────────────────────────────────────────────────────

    Error Context: ../test-results/tenant-registration-Tenant-0873b-based-tenant-identification-chromium/error-context.md
]]>
</failure>
<system-out>
<![CDATA[🗑️  Cleaning up all test tenants...
🗑️  Cleaning up tenant: e2e-test-1749587602562-pkhjrb

[[ATTACHMENT|test-results/tenant-registration-Tenant-0873b-based-tenant-identification-chromium/test-failed-1.png]]

[[ATTACHMENT|test-results/tenant-registration-Tenant-0873b-based-tenant-identification-chromium/video.webm]]

[[ATTACHMENT|test-results/tenant-registration-Tenant-0873b-based-tenant-identification-chromium/error-context.md]]
]]>
</system-out>
</testcase>
<testcase name="Tenant Registration E2E Flow › Tenant Path-Based Access › should redirect to correct tenant context after registration" classname="tenant-registration.spec.ts" time="17.612">
<failure message="tenant-registration.spec.ts:289:9 should redirect to correct tenant context after registration" type="FAILURE">
<![CDATA[  [chromium] › tenant-registration.spec.ts:289:9 › Tenant Registration E2E Flow › Tenant Path-Based Access › should redirect to correct tenant context after registration 

    Error: Timed out 10000ms waiting for expect(locator).toHaveURL(expected)

    Locator: locator(':root')
    Expected pattern: /\/e2e-test-1749587627143-kzu3d5\/admin/
    Received string:  "http://localhost:3000/register-org"
    Call log:
      - expect.toHaveURL with timeout 10000ms
      - waiting for locator(':root')
        13 × locator resolved to <html lang="en">…</html>
           - unexpected value "http://localhost:3000/register-org"


      295 |
      296 |       // Should redirect to tenant admin dashboard
    > 297 |       await expect(page).toHaveURL(new RegExp(`/${testData.organizationSlug}/admin`));
          |                          ^
      298 |
      299 |       // Verify tenant context is properly set
      300 |       await expect(page.locator(`text=${testData.organizationName}`)).toBeVisible();
        at /home/onionlake-admin/PROJECT/gol_2025/e2e/tests/tenant-registration.spec.ts:297:26

    attachment #1: screenshot (image/png) ──────────────────────────────────────────────────────────
    test-results/tenant-registration-Tenant-f9f24--context-after-registration-chromium/test-failed-1.png
    ────────────────────────────────────────────────────────────────────────────────────────────────

    attachment #2: video (video/webm) ──────────────────────────────────────────────────────────────
    test-results/tenant-registration-Tenant-f9f24--context-after-registration-chromium/video.webm
    ────────────────────────────────────────────────────────────────────────────────────────────────

    Error Context: ../test-results/tenant-registration-Tenant-f9f24--context-after-registration-chromium/error-context.md
]]>
</failure>
<system-out>
<![CDATA[🗑️  Cleaning up all test tenants...
🗑️  Cleaning up tenant: e2e-test-1749587627143-kzu3d5

[[ATTACHMENT|test-results/tenant-registration-Tenant-f9f24--context-after-registration-chromium/test-failed-1.png]]

[[ATTACHMENT|test-results/tenant-registration-Tenant-f9f24--context-after-registration-chromium/video.webm]]

[[ATTACHMENT|test-results/tenant-registration-Tenant-f9f24--context-after-registration-chromium/error-context.md]]
]]>
</system-out>
</testcase>
<testcase name="Tenant Registration E2E Flow › Edge Cases and Performance › should handle special characters in organization names" classname="tenant-registration.spec.ts" time="17.44">
<failure message="tenant-registration.spec.ts:309:9 should handle special characters in organization names" type="FAILURE">
<![CDATA[  [chromium] › tenant-registration.spec.ts:309:9 › Tenant Registration E2E Flow › Edge Cases and Performance › should handle special characters in organization names 

    Error: Timed out 10000ms waiting for expect(locator).toHaveURL(expected)

    Locator: locator(':root')
    Expected pattern: /\/e2e-test-1749587649768-ibqrvt\/admin/
    Received string:  "http://localhost:3000/register-org"
    Call log:
      - expect.toHaveURL with timeout 10000ms
      - waiting for locator(':root')
        13 × locator resolved to <html lang="en">…</html>
           - unexpected value "http://localhost:3000/register-org"


      314 |
      315 |       // Should handle special characters gracefully
    > 316 |       await expect(page).toHaveURL(new RegExp(`/${specialCharacters.organizationSlug}/admin`));
          |                          ^
      317 |
      318 |       // Verify tenant was created with special characters
      319 |       const tenantExists = await dbHelper.tenantExists(specialCharacters.organizationSlug!);
        at /home/onionlake-admin/PROJECT/gol_2025/e2e/tests/tenant-registration.spec.ts:316:26

    attachment #1: screenshot (image/png) ──────────────────────────────────────────────────────────
    test-results/tenant-registration-Tenant-5acb3-cters-in-organization-names-chromium/test-failed-1.png
    ────────────────────────────────────────────────────────────────────────────────────────────────

    attachment #2: video (video/webm) ──────────────────────────────────────────────────────────────
    test-results/tenant-registration-Tenant-5acb3-cters-in-organization-names-chromium/video.webm
    ────────────────────────────────────────────────────────────────────────────────────────────────

    Error Context: ../test-results/tenant-registration-Tenant-5acb3-cters-in-organization-names-chromium/error-context.md
]]>
</failure>
<system-out>
<![CDATA[🗑️  Cleaning up all test tenants...
🗑️  Cleaning up tenant: e2e-test-1749587649767-wizzny
🗑️  Cleaning up tenant: e2e-test-1749587649768-y7zpl7
🗑️  Cleaning up tenant: e2e-test-1749587649768-ibqrvt

[[ATTACHMENT|test-results/tenant-registration-Tenant-5acb3-cters-in-organization-names-chromium/test-failed-1.png]]

[[ATTACHMENT|test-results/tenant-registration-Tenant-5acb3-cters-in-organization-names-chromium/video.webm]]

[[ATTACHMENT|test-results/tenant-registration-Tenant-5acb3-cters-in-organization-names-chromium/error-context.md]]
]]>
</system-out>
</testcase>
<testcase name="Tenant Registration E2E Flow › Edge Cases and Performance › should handle maximum length inputs" classname="tenant-registration.spec.ts" time="14.644">
<failure message="tenant-registration.spec.ts:323:9 should handle maximum length inputs" type="FAILURE">
<![CDATA[  [chromium] › tenant-registration.spec.ts:323:9 › Tenant Registration E2E Flow › Edge Cases and Performance › should handle maximum length inputs 

    Error: Timed out 10000ms waiting for expect(locator).toHaveURL(expected)

    Locator: locator(':root')
    Expected pattern: /\/e2e-test-1749587673704-vpgldh\/admin/
    Received string:  "http://localhost:3000/register-org"
    Call log:
      - expect.toHaveURL with timeout 10000ms
      - waiting for locator(':root')
        13 × locator resolved to <html lang="en">…</html>
           - unexpected value "http://localhost:3000/register-org"


      328 |
      329 |       // Should handle maximum length inputs
    > 330 |       await expect(page).toHaveURL(new RegExp(`/${maximalData.organizationSlug}/admin`));
          |                          ^
      331 |     });
      332 |
      333 |     test('should complete registration within reasonable time', async ({ page }) => {
        at /home/onionlake-admin/PROJECT/gol_2025/e2e/tests/tenant-registration.spec.ts:330:26

    attachment #1: screenshot (image/png) ──────────────────────────────────────────────────────────
    test-results/tenant-registration-Tenant-26e3b-andle-maximum-length-inputs-chromium/test-failed-1.png
    ────────────────────────────────────────────────────────────────────────────────────────────────

    attachment #2: video (video/webm) ──────────────────────────────────────────────────────────────
    test-results/tenant-registration-Tenant-26e3b-andle-maximum-length-inputs-chromium/video.webm
    ────────────────────────────────────────────────────────────────────────────────────────────────

    Error Context: ../test-results/tenant-registration-Tenant-26e3b-andle-maximum-length-inputs-chromium/error-context.md
]]>
</failure>
<system-out>
<![CDATA[🗑️  Cleaning up all test tenants...
🗑️  Cleaning up tenant: e2e-test-1749587673703-x3ohsx
🗑️  Cleaning up tenant: e2e-test-1749587673704-vpgldh
🗑️  Cleaning up tenant: e2e-test-1749587673705-s8lfjd

[[ATTACHMENT|test-results/tenant-registration-Tenant-26e3b-andle-maximum-length-inputs-chromium/test-failed-1.png]]

[[ATTACHMENT|test-results/tenant-registration-Tenant-26e3b-andle-maximum-length-inputs-chromium/video.webm]]

[[ATTACHMENT|test-results/tenant-registration-Tenant-26e3b-andle-maximum-length-inputs-chromium/error-context.md]]
]]>
</system-out>
</testcase>
<testcase name="Tenant Registration E2E Flow › Edge Cases and Performance › should complete registration within reasonable time" classname="tenant-registration.spec.ts" time="14.881">
<failure message="tenant-registration.spec.ts:333:9 should complete registration within reasonable time" type="FAILURE">
<![CDATA[  [chromium] › tenant-registration.spec.ts:333:9 › Tenant Registration E2E Flow › Edge Cases and Performance › should complete registration within reasonable time 

    Error: Timed out 10000ms waiting for expect(locator).toHaveURL(expected)

    Locator: locator(':root')
    Expected pattern: /\/e2e-test-1749587695638-q4kytu\/admin/
    Received string:  "http://localhost:3000/register-org"
    Call log:
      - expect.toHaveURL with timeout 10000ms
      - waiting for locator(':root')
        13 × locator resolved to <html lang="en">…</html>
           - unexpected value "http://localhost:3000/register-org"


      338 |       await fillRegistrationForm(page, testData);
      339 |       await page.click(FORM_SELECTORS.submitButton);
    > 340 |       await expect(page).toHaveURL(new RegExp(`/${testData.organizationSlug}/admin`));
          |                          ^
      341 |
      342 |       const endTime = Date.now();
      343 |       const registrationTime = endTime - startTime;
        at /home/onionlake-admin/PROJECT/gol_2025/e2e/tests/tenant-registration.spec.ts:340:26

    attachment #1: screenshot (image/png) ──────────────────────────────────────────────────────────
    test-results/tenant-registration-Tenant-11e50-tion-within-reasonable-time-chromium/test-failed-1.png
    ────────────────────────────────────────────────────────────────────────────────────────────────

    attachment #2: video (video/webm) ──────────────────────────────────────────────────────────────
    test-results/tenant-registration-Tenant-11e50-tion-within-reasonable-time-chromium/video.webm
    ────────────────────────────────────────────────────────────────────────────────────────────────

    Error Context: ../test-results/tenant-registration-Tenant-11e50-tion-within-reasonable-time-chromium/error-context.md
]]>
</failure>
<system-out>
<![CDATA[🗑️  Cleaning up all test tenants...
🗑️  Cleaning up tenant: e2e-test-1749587695638-q4kytu

[[ATTACHMENT|test-results/tenant-registration-Tenant-11e50-tion-within-reasonable-time-chromium/test-failed-1.png]]

[[ATTACHMENT|test-results/tenant-registration-Tenant-11e50-tion-within-reasonable-time-chromium/video.webm]]

[[ATTACHMENT|test-results/tenant-registration-Tenant-11e50-tion-within-reasonable-time-chromium/error-context.md]]
]]>
</system-out>
</testcase>
</testsuite>
<testsuite name="tenant-isolation.spec.ts" timestamp="2025-06-10T20:27:24.081Z" hostname="firefox" tests="8" failures="7" skipped="0" time="120.027" errors="0">
<testcase name="Tenant Isolation and Security › should maintain data isolation between tenants" classname="tenant-isolation.spec.ts" time="13.092">
<failure message="tenant-isolation.spec.ts:30:7 should maintain data isolation between tenants" type="FAILURE">
<![CDATA[  [firefox] › tenant-isolation.spec.ts:30:7 › Tenant Isolation and Security › should maintain data isolation between tenants 

    TimeoutError: The operation was aborted due to timeout

       at ../utils/api-helpers.ts:63

      61 |     }
      62 |
    > 63 |     const response = await fetch(url, requestOptions);
         |                      ^
      64 |
      65 |     if (process.env.DEBUG_API_CALLS === 'true') {
      66 |       console.log(`📡 API Response ${response.status}`, await response.clone().text());
        at ApiHelper.request (/home/onionlake-admin/PROJECT/gol_2025/e2e/utils/api-helpers.ts:63:22)
        at ApiHelper.registerTenantAdmin (/home/onionlake-admin/PROJECT/gol_2025/e2e/utils/api-helpers.ts:89:22)
        at /home/onionlake-admin/PROJECT/gol_2025/e2e/tests/tenant-isolation.spec.ts:43:33

    attachment #1: screenshot (image/png) ──────────────────────────────────────────────────────────
    test-results/tenant-isolation-Tenant-Is-622ac-a-isolation-between-tenants-firefox/test-failed-1.png
    ────────────────────────────────────────────────────────────────────────────────────────────────

    attachment #2: video (video/webm) ──────────────────────────────────────────────────────────────
    test-results/tenant-isolation-Tenant-Is-622ac-a-isolation-between-tenants-firefox/video.webm
    ────────────────────────────────────────────────────────────────────────────────────────────────
]]>
</failure>
<system-out>
<![CDATA[🗑️  Cleaning up all test tenants...
🗑️  Cleaning up tenant: e2e-test-1749587717458-krpoag
🗑️  Cleaning up tenant: e2e-test-1749587717458-oc6821

[[ATTACHMENT|test-results/tenant-isolation-Tenant-Is-622ac-a-isolation-between-tenants-firefox/test-failed-1.png]]

[[ATTACHMENT|test-results/tenant-isolation-Tenant-Is-622ac-a-isolation-between-tenants-firefox/video.webm]]
]]>
</system-out>
</testcase>
<testcase name="Tenant Isolation and Security › should prevent cross-tenant API access" classname="tenant-isolation.spec.ts" time="12.922">
<failure message="tenant-isolation.spec.ts:62:7 should prevent cross-tenant API access" type="FAILURE">
<![CDATA[  [firefox] › tenant-isolation.spec.ts:62:7 › Tenant Isolation and Security › should prevent cross-tenant API access 

    TimeoutError: The operation was aborted due to timeout

       at ../utils/api-helpers.ts:63

      61 |     }
      62 |
    > 63 |     const response = await fetch(url, requestOptions);
         |                      ^
      64 |
      65 |     if (process.env.DEBUG_API_CALLS === 'true') {
      66 |       console.log(`📡 API Response ${response.status}`, await response.clone().text());
        at ApiHelper.request (/home/onionlake-admin/PROJECT/gol_2025/e2e/utils/api-helpers.ts:63:22)
        at ApiHelper.registerTenantAdmin (/home/onionlake-admin/PROJECT/gol_2025/e2e/utils/api-helpers.ts:89:22)
        at /home/onionlake-admin/PROJECT/gol_2025/e2e/tests/tenant-isolation.spec.ts:68:24

    attachment #1: screenshot (image/png) ──────────────────────────────────────────────────────────
    test-results/tenant-isolation-Tenant-Is-9cdfb-ent-cross-tenant-API-access-firefox/test-failed-1.png
    ────────────────────────────────────────────────────────────────────────────────────────────────

    attachment #2: video (video/webm) ──────────────────────────────────────────────────────────────
    test-results/tenant-isolation-Tenant-Is-9cdfb-ent-cross-tenant-API-access-firefox/video.webm
    ────────────────────────────────────────────────────────────────────────────────────────────────
]]>
</failure>
<system-out>
<![CDATA[🗑️  Cleaning up all test tenants...
🗑️  Cleaning up tenant: e2e-test-1749587736840-eh7qeh
🗑️  Cleaning up tenant: e2e-test-1749587736840-zuo54f

[[ATTACHMENT|test-results/tenant-isolation-Tenant-Is-9cdfb-ent-cross-tenant-API-access-firefox/test-failed-1.png]]

[[ATTACHMENT|test-results/tenant-isolation-Tenant-Is-9cdfb-ent-cross-tenant-API-access-firefox/video.webm]]
]]>
</system-out>
</testcase>
<testcase name="Tenant Isolation and Security › should handle invalid tenant slugs gracefully" classname="tenant-isolation.spec.ts" time="15.819">
<failure message="tenant-isolation.spec.ts:88:7 should handle invalid tenant slugs gracefully" type="FAILURE">
<![CDATA[  [firefox] › tenant-isolation.spec.ts:88:7 › Tenant Isolation and Security › should handle invalid tenant slugs gracefully 

    Error: Timed out 10000ms waiting for expect(locator).toBeVisible()

    Locator: locator('text=404')
    Expected: visible
    Received: <element(s) not found>
    Call log:
      - expect.toBeVisible with timeout 10000ms
      - waiting for locator('text=404')


      91 |     
      92 |     // Should show 404 or redirect to error page
    > 93 |     await expect(page.locator('text=404')).toBeVisible();
         |                                            ^
      94 |   });
      95 |
      96 |   test('should validate tenant status before allowing access', async ({ page }) => {
        at /home/onionlake-admin/PROJECT/gol_2025/e2e/tests/tenant-isolation.spec.ts:93:44

    attachment #1: screenshot (image/png) ──────────────────────────────────────────────────────────
    test-results/tenant-isolation-Tenant-Is-8aa70-lid-tenant-slugs-gracefully-firefox/test-failed-1.png
    ────────────────────────────────────────────────────────────────────────────────────────────────

    attachment #2: video (video/webm) ──────────────────────────────────────────────────────────────
    test-results/tenant-isolation-Tenant-Is-8aa70-lid-tenant-slugs-gracefully-firefox/video.webm
    ────────────────────────────────────────────────────────────────────────────────────────────────

    Error Context: ../test-results/tenant-isolation-Tenant-Is-8aa70-lid-tenant-slugs-gracefully-firefox/error-context.md
]]>
</failure>
<system-out>
<![CDATA[🗑️  Cleaning up all test tenants...

[[ATTACHMENT|test-results/tenant-isolation-Tenant-Is-8aa70-lid-tenant-slugs-gracefully-firefox/test-failed-1.png]]

[[ATTACHMENT|test-results/tenant-isolation-Tenant-Is-8aa70-lid-tenant-slugs-gracefully-firefox/video.webm]]

[[ATTACHMENT|test-results/tenant-isolation-Tenant-Is-8aa70-lid-tenant-slugs-gracefully-firefox/error-context.md]]
]]>
</system-out>
</testcase>
<testcase name="Tenant Isolation and Security › should validate tenant status before allowing access" classname="tenant-isolation.spec.ts" time="13.55">
<failure message="tenant-isolation.spec.ts:96:7 should validate tenant status before allowing access" type="FAILURE">
<![CDATA[  [firefox] › tenant-isolation.spec.ts:96:7 › Tenant Isolation and Security › should validate tenant status before allowing access 

    TimeoutError: The operation was aborted due to timeout

       at ../utils/api-helpers.ts:63

      61 |     }
      62 |
    > 63 |     const response = await fetch(url, requestOptions);
         |                      ^
      64 |
      65 |     if (process.env.DEBUG_API_CALLS === 'true') {
      66 |       console.log(`📡 API Response ${response.status}`, await response.clone().text());
        at ApiHelper.request (/home/onionlake-admin/PROJECT/gol_2025/e2e/utils/api-helpers.ts:63:22)
        at ApiHelper.registerTenantAdmin (/home/onionlake-admin/PROJECT/gol_2025/e2e/utils/api-helpers.ts:89:22)
        at /home/onionlake-admin/PROJECT/gol_2025/e2e/tests/tenant-isolation.spec.ts:100:26

    attachment #1: screenshot (image/png) ──────────────────────────────────────────────────────────
    test-results/tenant-isolation-Tenant-Is-3a6f4-atus-before-allowing-access-firefox/test-failed-1.png
    ────────────────────────────────────────────────────────────────────────────────────────────────

    attachment #2: video (video/webm) ──────────────────────────────────────────────────────────────
    test-results/tenant-isolation-Tenant-Is-3a6f4-atus-before-allowing-access-firefox/video.webm
    ────────────────────────────────────────────────────────────────────────────────────────────────
]]>
</failure>
<system-out>
<![CDATA[🗑️  Cleaning up all test tenants...
🗑️  Cleaning up tenant: e2e-test-1749587778083-rxhbhg

[[ATTACHMENT|test-results/tenant-isolation-Tenant-Is-3a6f4-atus-before-allowing-access-firefox/test-failed-1.png]]

[[ATTACHMENT|test-results/tenant-isolation-Tenant-Is-3a6f4-atus-before-allowing-access-firefox/video.webm]]
]]>
</system-out>
</testcase>
<testcase name="Tenant Isolation and Security › should maintain session isolation between browser contexts" classname="tenant-isolation.spec.ts" time="10.068">
<failure message="tenant-isolation.spec.ts:111:7 should maintain session isolation between browser contexts" type="FAILURE">
<![CDATA[  [firefox] › tenant-isolation.spec.ts:111:7 › Tenant Isolation and Security › should maintain session isolation between browser contexts 

    TimeoutError: The operation was aborted due to timeout

       at ../utils/api-helpers.ts:63

      61 |     }
      62 |
    > 63 |     const response = await fetch(url, requestOptions);
         |                      ^
      64 |
      65 |     if (process.env.DEBUG_API_CALLS === 'true') {
      66 |       console.log(`📡 API Response ${response.status}`, await response.clone().text());
        at ApiHelper.request (/home/onionlake-admin/PROJECT/gol_2025/e2e/utils/api-helpers.ts:63:22)
        at ApiHelper.registerTenantAdmin (/home/onionlake-admin/PROJECT/gol_2025/e2e/utils/api-helpers.ts:89:22)
        at /home/onionlake-admin/PROJECT/gol_2025/e2e/tests/tenant-isolation.spec.ts:116:5
]]>
</failure>
<system-out>
<![CDATA[🗑️  Cleaning up all test tenants...
🗑️  Cleaning up tenant: e2e-test-1749587794699-fammww
🗑️  Cleaning up tenant: e2e-test-1749587794699-ulbg8u
]]>
</system-out>
</testcase>
<testcase name="Tenant Isolation and Security › should handle concurrent tenant registrations" classname="tenant-isolation.spec.ts" time="13.16">
<failure message="tenant-isolation.spec.ts:139:7 should handle concurrent tenant registrations" type="FAILURE">
<![CDATA[  [firefox] › tenant-isolation.spec.ts:139:7 › Tenant Isolation and Security › should handle concurrent tenant registrations 

    TimeoutError: The operation was aborted due to timeout

       at ../utils/api-helpers.ts:63

      61 |     }
      62 |
    > 63 |     const response = await fetch(url, requestOptions);
         |                      ^
      64 |
      65 |     if (process.env.DEBUG_API_CALLS === 'true') {
      66 |       console.log(`📡 API Response ${response.status}`, await response.clone().text());
        at ApiHelper.request (/home/onionlake-admin/PROJECT/gol_2025/e2e/utils/api-helpers.ts:63:22)
        at ApiHelper.registerTenantAdmin (/home/onionlake-admin/PROJECT/gol_2025/e2e/utils/api-helpers.ts:89:22)
        at /home/onionlake-admin/PROJECT/gol_2025/e2e/tests/tenant-isolation.spec.ts:148:21

    attachment #1: screenshot (image/png) ──────────────────────────────────────────────────────────
    test-results/tenant-isolation-Tenant-Is-19ba7-urrent-tenant-registrations-firefox/test-failed-1.png
    ────────────────────────────────────────────────────────────────────────────────────────────────

    attachment #2: video (video/webm) ──────────────────────────────────────────────────────────────
    test-results/tenant-isolation-Tenant-Is-19ba7-urrent-tenant-registrations-firefox/video.webm
    ────────────────────────────────────────────────────────────────────────────────────────────────
]]>
</failure>
<system-out>
<![CDATA[🗑️  Cleaning up all test tenants...
🗑️  Cleaning up tenant: e2e-test-1749587812269-3of9ad
🗑️  Cleaning up tenant: e2e-test-1749587812270-6i6104
🗑️  Cleaning up tenant: e2e-test-1749587812270-f8x78s

[[ATTACHMENT|test-results/tenant-isolation-Tenant-Is-19ba7-urrent-tenant-registrations-firefox/test-failed-1.png]]

[[ATTACHMENT|test-results/tenant-isolation-Tenant-Is-19ba7-urrent-tenant-registrations-firefox/video.webm]]
]]>
</system-out>
</testcase>
<testcase name="Tenant Isolation and Security › should prevent SQL injection in tenant identification" classname="tenant-isolation.spec.ts" time="23.193">
<failure message="tenant-isolation.spec.ts:162:7 should prevent SQL injection in tenant identification" type="FAILURE">
<![CDATA[  [firefox] › tenant-isolation.spec.ts:162:7 › Tenant Isolation and Security › should prevent SQL injection in tenant identification 

    TimeoutError: page.waitForResponse: Timeout 10000ms exceeded while waiting for event "response"

      167 |     
      168 |     // Should return 404 or proper error, not execute SQL
    > 169 |     const response = await page.waitForResponse(response => 
          |                                 ^
      170 |       response.url().includes(encodeURIComponent(maliciousSlug))
      171 |     );
      172 |     
        at /home/onionlake-admin/PROJECT/gol_2025/e2e/tests/tenant-isolation.spec.ts:169:33

    attachment #1: screenshot (image/png) ──────────────────────────────────────────────────────────
    test-results/tenant-isolation-Tenant-Is-696b1-on-in-tenant-identification-firefox/test-failed-1.png
    ────────────────────────────────────────────────────────────────────────────────────────────────

    attachment #2: video (video/webm) ──────────────────────────────────────────────────────────────
    test-results/tenant-isolation-Tenant-Is-696b1-on-in-tenant-identification-firefox/video.webm
    ────────────────────────────────────────────────────────────────────────────────────────────────
]]>
</failure>
<system-out>
<![CDATA[🗑️  Cleaning up all test tenants...

[[ATTACHMENT|test-results/tenant-isolation-Tenant-Is-696b1-on-in-tenant-identification-firefox/test-failed-1.png]]

[[ATTACHMENT|test-results/tenant-isolation-Tenant-Is-696b1-on-in-tenant-identification-firefox/video.webm]]
]]>
</system-out>
</testcase>
<testcase name="Tenant Isolation and Security › should handle special characters in tenant slugs safely" classname="tenant-isolation.spec.ts" time="18.223">
<system-out>
<![CDATA[🗑️  Cleaning up all test tenants...
]]>
</system-out>
</testcase>
</testsuite>
<testsuite name="tenant-registration.spec.ts" timestamp="2025-06-10T20:27:24.081Z" hostname="firefox" tests="15" failures="15" skipped="0" time="286.756" errors="0">
<testcase name="Tenant Registration E2E Flow › Successful Registration Flow › should complete full tenant registration with valid data" classname="tenant-registration.spec.ts" time="15.265">
<failure message="tenant-registration.spec.ts:47:9 should complete full tenant registration with valid data" type="FAILURE">
<![CDATA[  [firefox] › tenant-registration.spec.ts:47:9 › Tenant Registration E2E Flow › Successful Registration Flow › should complete full tenant registration with valid data 

    Error: Timed out 10000ms waiting for expect(locator).toHaveURL(expected)

    Locator: locator(':root')
    Expected pattern: /\/e2e-test-1749587887595-8bo6ly\/admin/
    Received string:  "http://localhost:3000/register-org"
    Call log:
      - expect.toHaveURL with timeout 10000ms
      - waiting for locator(':root')
        12 × locator resolved to <html lang="en">…</html>
           - unexpected value "http://localhost:3000/register-org"


      58 |       
      59 |       // Wait for redirect to tenant dashboard
    > 60 |       await expect(page).toHaveURL(new RegExp(`/${testData.organizationSlug}/admin`));
         |                          ^
      61 |       
      62 |       // Verify we're on the tenant dashboard
      63 |       await expect(page.locator('h1')).toContainText('Dashboard');
        at /home/onionlake-admin/PROJECT/gol_2025/e2e/tests/tenant-registration.spec.ts:60:26

    attachment #1: screenshot (image/png) ──────────────────────────────────────────────────────────
    test-results/tenant-registration-Tenant-3bda2-egistration-with-valid-data-firefox/test-failed-1.png
    ────────────────────────────────────────────────────────────────────────────────────────────────

    attachment #2: video (video/webm) ──────────────────────────────────────────────────────────────
    test-results/tenant-registration-Tenant-3bda2-egistration-with-valid-data-firefox/video.webm
    ────────────────────────────────────────────────────────────────────────────────────────────────

    Error Context: ../test-results/tenant-registration-Tenant-3bda2-egistration-with-valid-data-firefox/error-context.md
]]>
</failure>
<system-out>
<![CDATA[🗑️  Cleaning up all test tenants...
🗑️  Cleaning up tenant: e2e-test-1749587887595-8bo6ly

[[ATTACHMENT|test-results/tenant-registration-Tenant-3bda2-egistration-with-valid-data-firefox/test-failed-1.png]]

[[ATTACHMENT|test-results/tenant-registration-Tenant-3bda2-egistration-with-valid-data-firefox/video.webm]]

[[ATTACHMENT|test-results/tenant-registration-Tenant-3bda2-egistration-with-valid-data-firefox/error-context.md]]
]]>
</system-out>
</testcase>
<testcase name="Tenant Registration E2E Flow › Successful Registration Flow › should auto-generate slug when not provided" classname="tenant-registration.spec.ts" time="19.847">
<failure message="tenant-registration.spec.ts:78:9 should auto-generate slug when not provided" type="FAILURE">
<![CDATA[  [firefox] › tenant-registration.spec.ts:78:9 › Tenant Registration E2E Flow › Successful Registration Flow › should auto-generate slug when not provided 

    Error: Timed out 10000ms waiting for expect(locator).toHaveURL(expected)

    Locator: locator(':root')
    Expected pattern: /\/springfield-elementary-school\/admin/
    Received string:  "http://localhost:3000/register-org"
    Call log:
      - expect.toHaveURL with timeout 10000ms
      - waiting for locator(':root')
        13 × locator resolved to <html lang="en">…</html>
           - unexpected value "http://localhost:3000/register-org"


       95 |       // Submit and verify success
       96 |       await page.click(FORM_SELECTORS.submitButton);
    >  97 |       await expect(page).toHaveURL(new RegExp('/springfield-elementary-school/admin'));
          |                          ^
       98 |     });
       99 |
      100 |     test('should handle slug validation and availability checking', async ({ page }) => {
        at /home/onionlake-admin/PROJECT/gol_2025/e2e/tests/tenant-registration.spec.ts:97:26

    attachment #1: screenshot (image/png) ──────────────────────────────────────────────────────────
    test-results/tenant-registration-Tenant-49a98-rate-slug-when-not-provided-firefox/test-failed-1.png
    ────────────────────────────────────────────────────────────────────────────────────────────────

    attachment #2: video (video/webm) ──────────────────────────────────────────────────────────────
    test-results/tenant-registration-Tenant-49a98-rate-slug-when-not-provided-firefox/video.webm
    ────────────────────────────────────────────────────────────────────────────────────────────────

    Error Context: ../test-results/tenant-registration-Tenant-49a98-rate-slug-when-not-provided-firefox/error-context.md
]]>
</failure>
<system-out>
<![CDATA[🗑️  Cleaning up all test tenants...
🗑️  Cleaning up tenant: e2e-test-1749587914368-496ppj

[[ATTACHMENT|test-results/tenant-registration-Tenant-49a98-rate-slug-when-not-provided-firefox/test-failed-1.png]]

[[ATTACHMENT|test-results/tenant-registration-Tenant-49a98-rate-slug-when-not-provided-firefox/video.webm]]

[[ATTACHMENT|test-results/tenant-registration-Tenant-49a98-rate-slug-when-not-provided-firefox/error-context.md]]
]]>
</system-out>
</testcase>
<testcase name="Tenant Registration E2E Flow › Successful Registration Flow › should handle slug validation and availability checking" classname="tenant-registration.spec.ts" time="21.642">
<failure message="tenant-registration.spec.ts:100:9 should handle slug validation and availability checking" type="FAILURE">
<![CDATA[  [firefox] › tenant-registration.spec.ts:100:9 › Tenant Registration E2E Flow › Successful Registration Flow › should handle slug validation and availability checking 

    Error: Timed out 10000ms waiting for expect(locator).toHaveURL(expected)

    Locator: locator(':root')
    Expected pattern: /\/e2e-test-1749587941605-9186rx\/admin/
    Received string:  "http://localhost:3000/register-org"
    Call log:
      - expect.toHaveURL with timeout 10000ms
      - waiting for locator(':root')
        13 × locator resolved to <html lang="en">…</html>
           - unexpected value "http://localhost:3000/register-org"


      121 |       
      122 |       // Verify successful registration
    > 123 |       await expect(page).toHaveURL(new RegExp(`/${testData.organizationSlug}/admin`));
          |                          ^
      124 |     });
      125 |   });
      126 |
        at /home/onionlake-admin/PROJECT/gol_2025/e2e/tests/tenant-registration.spec.ts:123:26

    attachment #1: screenshot (image/png) ──────────────────────────────────────────────────────────
    test-results/tenant-registration-Tenant-7138c-n-and-availability-checking-firefox/test-failed-1.png
    ────────────────────────────────────────────────────────────────────────────────────────────────

    attachment #2: video (video/webm) ──────────────────────────────────────────────────────────────
    test-results/tenant-registration-Tenant-7138c-n-and-availability-checking-firefox/video.webm
    ────────────────────────────────────────────────────────────────────────────────────────────────

    Error Context: ../test-results/tenant-registration-Tenant-7138c-n-and-availability-checking-firefox/error-context.md
]]>
</failure>
<system-out>
<![CDATA[🗑️  Cleaning up all test tenants...
🗑️  Cleaning up tenant: e2e-test-1749587941605-9186rx

[[ATTACHMENT|test-results/tenant-registration-Tenant-7138c-n-and-availability-checking-firefox/test-failed-1.png]]

[[ATTACHMENT|test-results/tenant-registration-Tenant-7138c-n-and-availability-checking-firefox/video.webm]]

[[ATTACHMENT|test-results/tenant-registration-Tenant-7138c-n-and-availability-checking-firefox/error-context.md]]
]]>
</system-out>
</testcase>
<testcase name="Tenant Registration E2E Flow › Form Validation › should show validation errors for missing required fields" classname="tenant-registration.spec.ts" time="17.229">
<failure message="tenant-registration.spec.ts:128:9 should show validation errors for missing required fields" type="FAILURE">
<![CDATA[  [firefox] › tenant-registration.spec.ts:128:9 › Tenant Registration E2E Flow › Form Validation › should show validation errors for missing required fields 

    Error: Timed out 10000ms waiting for expect(locator).toBeVisible()

    Locator: locator('text=Organization name is required')
    Expected: visible
    Received: <element(s) not found>
    Call log:
      - expect.toBeVisible with timeout 10000ms
      - waiting for locator('text=Organization name is required')


      133 |       
      134 |       // Should show validation errors
    > 135 |       await expect(page.locator('text=Organization name is required')).toBeVisible();
          |                                                                        ^
      136 |       await expect(page.locator('text=Your full name is required')).toBeVisible();
      137 |       await expect(page.locator('text=Email address is required')).toBeVisible();
      138 |       
        at /home/onionlake-admin/PROJECT/gol_2025/e2e/tests/tenant-registration.spec.ts:135:72

    attachment #1: screenshot (image/png) ──────────────────────────────────────────────────────────
    test-results/tenant-registration-Tenant-ba499-for-missing-required-fields-firefox/test-failed-1.png
    ────────────────────────────────────────────────────────────────────────────────────────────────

    attachment #2: video (video/webm) ──────────────────────────────────────────────────────────────
    test-results/tenant-registration-Tenant-ba499-for-missing-required-fields-firefox/video.webm
    ────────────────────────────────────────────────────────────────────────────────────────────────

    Error Context: ../test-results/tenant-registration-Tenant-ba499-for-missing-required-fields-firefox/error-context.md
]]>
</failure>
<system-out>
<![CDATA[🗑️  Cleaning up all test tenants...
🗑️  Cleaning up tenant: e2e-test-1749587969258-xp1xy0

[[ATTACHMENT|test-results/tenant-registration-Tenant-ba499-for-missing-required-fields-firefox/test-failed-1.png]]

[[ATTACHMENT|test-results/tenant-registration-Tenant-ba499-for-missing-required-fields-firefox/video.webm]]

[[ATTACHMENT|test-results/tenant-registration-Tenant-ba499-for-missing-required-fields-firefox/error-context.md]]
]]>
</system-out>
</testcase>
<testcase name="Tenant Registration E2E Flow › Form Validation › should validate email format" classname="tenant-registration.spec.ts" time="18.704">
<failure message="tenant-registration.spec.ts:143:9 should validate email format" type="FAILURE">
<![CDATA[  [firefox] › tenant-registration.spec.ts:143:9 › Tenant Registration E2E Flow › Form Validation › should validate email format 

    Error: Timed out 10000ms waiting for expect(locator).toBeVisible()

    Locator: locator('text=Please enter a valid email address')
    Expected: visible
    Received: <element(s) not found>
    Call log:
      - expect.toBeVisible with timeout 10000ms
      - waiting for locator('text=Please enter a valid email address')


      148 |       
      149 |       // Should show email validation error
    > 150 |       await expect(page.locator('text=Please enter a valid email address')).toBeVisible();
          |                                                                             ^
      151 |       await expect(page).toHaveURL('/register-org');
      152 |     });
      153 |
        at /home/onionlake-admin/PROJECT/gol_2025/e2e/tests/tenant-registration.spec.ts:150:77

    attachment #1: screenshot (image/png) ──────────────────────────────────────────────────────────
    test-results/tenant-registration-Tenant-480ae-hould-validate-email-format-firefox/test-failed-1.png
    ────────────────────────────────────────────────────────────────────────────────────────────────

    attachment #2: video (video/webm) ──────────────────────────────────────────────────────────────
    test-results/tenant-registration-Tenant-480ae-hould-validate-email-format-firefox/video.webm
    ────────────────────────────────────────────────────────────────────────────────────────────────

    Error Context: ../test-results/tenant-registration-Tenant-480ae-hould-validate-email-format-firefox/error-context.md
]]>
</failure>
<system-out>
[...]
          |                                         ^
      184 |       
      185 |       // Now try to register with the same slug via UI
      186 |       await fillRegistrationForm(page, duplicateTenant);
        at /home/onionlake-admin/PROJECT/gol_2025/e2e/tests/tenant-registration.spec.ts:183:41

    attachment #1: screenshot (image/png) ──────────────────────────────────────────────────────────
    test-results/tenant-registration-Tenant-12c02-tration-with-duplicate-slug-Google-Chrome/test-failed-1.png
    ────────────────────────────────────────────────────────────────────────────────────────────────

    attachment #2: video (video/webm) ──────────────────────────────────────────────────────────────
    test-results/tenant-registration-Tenant-12c02-tration-with-duplicate-slug-Google-Chrome/video.webm
    ────────────────────────────────────────────────────────────────────────────────────────────────

    Error Context: ../test-results/tenant-registration-Tenant-12c02-tration-with-duplicate-slug-Google-Chrome/error-context.md
]]>
</failure>
<system-out>
<![CDATA[📡 API Response 500: {"success":false,"message":"Registration failed","errors":{"error":"An unexpected error occurred"}}
🗑️  Cleaning up all test tenants...
🗑️  Cleaning up tenant: e2e-test-1749590059417-kafow3
🗑️  Cleaning up tenant: e2e-test-1749590059418-xga03c

[[ATTACHMENT|test-results/tenant-registration-Tenant-12c02-tration-with-duplicate-slug-Google-Chrome/test-failed-1.png]]

[[ATTACHMENT|test-results/tenant-registration-Tenant-12c02-tration-with-duplicate-slug-Google-Chrome/video.webm]]

[[ATTACHMENT|test-results/tenant-registration-Tenant-12c02-tration-with-duplicate-slug-Google-Chrome/error-context.md]]
]]>
</system-out>
</testcase>
<testcase name="Tenant Registration E2E Flow › API Integration › should handle API errors gracefully" classname="tenant-registration.spec.ts" time="17.724">
<failure message="tenant-registration.spec.ts:200:9 should handle API errors gracefully" type="FAILURE">
<![CDATA[  [Google Chrome] › tenant-registration.spec.ts:200:9 › Tenant Registration E2E Flow › API Integration › should handle API errors gracefully 

    Error: Timed out 10000ms waiting for expect(locator).toBeVisible()

    Locator: locator('text=An unexpected error occurred')
    Expected: visible
    Received: <element(s) not found>
    Call log:
      - expect.toBeVisible with timeout 10000ms
      - waiting for locator('text=An unexpected error occurred')


      216 |       
      217 |       // Should show error message
    > 218 |       await expect(page.locator('text=An unexpected error occurred')).toBeVisible();
          |                                                                       ^
      219 |       await expect(page).toHaveURL('/register-org');
      220 |     });
      221 |
        at /home/onionlake-admin/PROJECT/gol_2025/e2e/tests/tenant-registration.spec.ts:218:71

    attachment #1: screenshot (image/png) ──────────────────────────────────────────────────────────
    test-results/tenant-registration-Tenant-fe921-andle-API-errors-gracefully-Google-Chrome/test-failed-1.png
    ────────────────────────────────────────────────────────────────────────────────────────────────

    attachment #2: video (video/webm) ──────────────────────────────────────────────────────────────
    test-results/tenant-registration-Tenant-fe921-andle-API-errors-gracefully-Google-Chrome/video.webm
    ────────────────────────────────────────────────────────────────────────────────────────────────

    Error Context: ../test-results/tenant-registration-Tenant-fe921-andle-API-errors-gracefully-Google-Chrome/error-context.md
]]>
</failure>
<system-out>
<![CDATA[🗑️  Cleaning up all test tenants...
🗑️  Cleaning up tenant: e2e-test-1749590078042-opew22

[[ATTACHMENT|test-results/tenant-registration-Tenant-fe921-andle-API-errors-gracefully-Google-Chrome/test-failed-1.png]]

[[ATTACHMENT|test-results/tenant-registration-Tenant-fe921-andle-API-errors-gracefully-Google-Chrome/video.webm]]

[[ATTACHMENT|test-results/tenant-registration-Tenant-fe921-andle-API-errors-gracefully-Google-Chrome/error-context.md]]
]]>
</system-out>
</testcase>
<testcase name="Tenant Registration E2E Flow › API Integration › should validate API response structure" classname="tenant-registration.spec.ts" time="8.114">
<failure message="tenant-registration.spec.ts:222:9 should validate API response structure" type="FAILURE">
<![CDATA[  [Google Chrome] › tenant-registration.spec.ts:222:9 › Tenant Registration E2E Flow › API Integration › should validate API response structure 

    Error: expect(received).toBe(expected) // Object.is equality

    Expected: true
    Received: false

      245 |
      246 |       // Validate that API call was made
    > 247 |       expect(apiCallMade).toBe(true);
          |                           ^
      248 |       expect(apiRequestBody).toBeDefined();
      249 |
      250 |       // Validate API request structure
        at /home/onionlake-admin/PROJECT/gol_2025/e2e/tests/tenant-registration.spec.ts:247:27

    attachment #1: screenshot (image/png) ──────────────────────────────────────────────────────────
    test-results/tenant-registration-Tenant-f40bd-date-API-response-structure-Google-Chrome/test-failed-1.png
    ────────────────────────────────────────────────────────────────────────────────────────────────

    attachment #2: video (video/webm) ──────────────────────────────────────────────────────────────
    test-results/tenant-registration-Tenant-f40bd-date-API-response-structure-Google-Chrome/video.webm
    ────────────────────────────────────────────────────────────────────────────────────────────────

    Error Context: ../test-results/tenant-registration-Tenant-f40bd-date-API-response-structure-Google-Chrome/error-context.md
]]>
</failure>
<system-out>
<![CDATA[🗑️  Cleaning up all test tenants...
🗑️  Cleaning up tenant: e2e-test-1749590099373-t28oc5

[[ATTACHMENT|test-results/tenant-registration-Tenant-f40bd-date-API-response-structure-Google-Chrome/test-failed-1.png]]

[[ATTACHMENT|test-results/tenant-registration-Tenant-f40bd-date-API-response-structure-Google-Chrome/video.webm]]

[[ATTACHMENT|test-results/tenant-registration-Tenant-f40bd-date-API-response-structure-Google-Chrome/error-context.md]]
]]>
</system-out>
</testcase>
<testcase name="Tenant Registration E2E Flow › Tenant Path-Based Access › should enable access via path-based tenant identification" classname="tenant-registration.spec.ts" time="17.1">
<failure message="tenant-registration.spec.ts:270:9 should enable access via path-based tenant identification" type="FAILURE">
<![CDATA[  [Google Chrome] › tenant-registration.spec.ts:270:9 › Tenant Registration E2E Flow › Tenant Path-Based Access › should enable access via path-based tenant identification 

    Error: Timed out 10000ms waiting for expect(locator).toHaveURL(expected)

    Locator: locator(':root')
    Expected pattern: /\/e2e-test-1749590116896-cwi5m6\/admin/
    Received string:  "http://localhost:3000/register-org"
    Call log:
      - expect.toHaveURL with timeout 10000ms
      - waiting for locator(':root')
        13 × locator resolved to <html lang="en">…</html>
           - unexpected value "http://localhost:3000/register-org"


      274 |       await fillRegistrationForm(page, testData);
      275 |       await page.click(FORM_SELECTORS.submitButton);
    > 276 |       await expect(page).toHaveURL(new RegExp(`/${testData.organizationSlug}/admin`));
          |                          ^
      277 |
      278 |       // Extract auth token from cookies for API testing
      279 |       const cookies = await page.context().cookies();
        at /home/onionlake-admin/PROJECT/gol_2025/e2e/tests/tenant-registration.spec.ts:276:26

    attachment #1: screenshot (image/png) ──────────────────────────────────────────────────────────
    test-results/tenant-registration-Tenant-0873b-based-tenant-identification-Google-Chrome/test-failed-1.png
    ────────────────────────────────────────────────────────────────────────────────────────────────

    attachment #2: video (video/webm) ──────────────────────────────────────────────────────────────
    test-results/tenant-registration-Tenant-0873b-based-tenant-identification-Google-Chrome/video.webm
    ────────────────────────────────────────────────────────────────────────────────────────────────

    Error Context: ../test-results/tenant-registration-Tenant-0873b-based-tenant-identification-Google-Chrome/error-context.md
]]>
</failure>
<system-out>
<![CDATA[🗑️  Cleaning up all test tenants...
🗑️  Cleaning up tenant: e2e-test-1749590116896-cwi5m6

[[ATTACHMENT|test-results/tenant-registration-Tenant-0873b-based-tenant-identification-Google-Chrome/test-failed-1.png]]

[[ATTACHMENT|test-results/tenant-registration-Tenant-0873b-based-tenant-identification-Google-Chrome/video.webm]]

[[ATTACHMENT|test-results/tenant-registration-Tenant-0873b-based-tenant-identification-Google-Chrome/error-context.md]]
]]>
</system-out>
</testcase>
<testcase name="Tenant Registration E2E Flow › Tenant Path-Based Access › should redirect to correct tenant context after registration" classname="tenant-registration.spec.ts" time="16.878">
<failure message="tenant-registration.spec.ts:289:9 should redirect to correct tenant context after registration" type="FAILURE">
<![CDATA[  [Google Chrome] › tenant-registration.spec.ts:289:9 › Tenant Registration E2E Flow › Tenant Path-Based Access › should redirect to correct tenant context after registration 

    Error: Timed out 10000ms waiting for expect(locator).toHaveURL(expected)

    Locator: locator(':root')
    Expected pattern: /\/e2e-test-1749590137678-goz5t3\/admin/
    Received string:  "http://localhost:3000/register-org"
    Call log:
      - expect.toHaveURL with timeout 10000ms
      - waiting for locator(':root')
        13 × locator resolved to <html lang="en">…</html>
           - unexpected value "http://localhost:3000/register-org"


      295 |
      296 |       // Should redirect to tenant admin dashboard
    > 297 |       await expect(page).toHaveURL(new RegExp(`/${testData.organizationSlug}/admin`));
          |                          ^
      298 |
      299 |       // Verify tenant context is properly set
      300 |       await expect(page.locator(`text=${testData.organizationName}`)).toBeVisible();
        at /home/onionlake-admin/PROJECT/gol_2025/e2e/tests/tenant-registration.spec.ts:297:26

    attachment #1: screenshot (image/png) ──────────────────────────────────────────────────────────
    test-results/tenant-registration-Tenant-f9f24--context-after-registration-Google-Chrome/test-failed-1.png
    ────────────────────────────────────────────────────────────────────────────────────────────────

    attachment #2: video (video/webm) ──────────────────────────────────────────────────────────────
    test-results/tenant-registration-Tenant-f9f24--context-after-registration-Google-Chrome/video.webm
    ────────────────────────────────────────────────────────────────────────────────────────────────

    Error Context: ../test-results/tenant-registration-Tenant-f9f24--context-after-registration-Google-Chrome/error-context.md
]]>
</failure>
<system-out>
<![CDATA[🗑️  Cleaning up all test tenants...
🗑️  Cleaning up tenant: e2e-test-1749590137678-goz5t3

[[ATTACHMENT|test-results/tenant-registration-Tenant-f9f24--context-after-registration-Google-Chrome/test-failed-1.png]]

[[ATTACHMENT|test-results/tenant-registration-Tenant-f9f24--context-after-registration-Google-Chrome/video.webm]]

[[ATTACHMENT|test-results/tenant-registration-Tenant-f9f24--context-after-registration-Google-Chrome/error-context.md]]
]]>
</system-out>
</testcase>
<testcase name="Tenant Registration E2E Flow › Edge Cases and Performance › should handle special characters in organization names" classname="tenant-registration.spec.ts" time="16.664">
<failure message="tenant-registration.spec.ts:309:9 should handle special characters in organization names" type="FAILURE">
<![CDATA[  [Google Chrome] › tenant-registration.spec.ts:309:9 › Tenant Registration E2E Flow › Edge Cases and Performance › should handle special characters in organization names 

    Error: Timed out 10000ms waiting for expect(locator).toHaveURL(expected)

    Locator: locator(':root')
    Expected pattern: /\/e2e-test-1749590158198-9jf0l0\/admin/
    Received string:  "http://localhost:3000/register-org"
    Call log:
      - expect.toHaveURL with timeout 10000ms
      - waiting for locator(':root')
        13 × locator resolved to <html lang="en">…</html>
           - unexpected value "http://localhost:3000/register-org"


      314 |
      315 |       // Should handle special characters gracefully
    > 316 |       await expect(page).toHaveURL(new RegExp(`/${specialCharacters.organizationSlug}/admin`));
          |                          ^
      317 |
      318 |       // Verify tenant was created with special characters
      319 |       const tenantExists = await dbHelper.tenantExists(specialCharacters.organizationSlug!);
        at /home/onionlake-admin/PROJECT/gol_2025/e2e/tests/tenant-registration.spec.ts:316:26

    attachment #1: screenshot (image/png) ──────────────────────────────────────────────────────────
    test-results/tenant-registration-Tenant-5acb3-cters-in-organization-names-Google-Chrome/test-failed-1.png
    ────────────────────────────────────────────────────────────────────────────────────────────────

    attachment #2: video (video/webm) ──────────────────────────────────────────────────────────────
    test-results/tenant-registration-Tenant-5acb3-cters-in-organization-names-Google-Chrome/video.webm
    ────────────────────────────────────────────────────────────────────────────────────────────────

    Error Context: ../test-results/tenant-registration-Tenant-5acb3-cters-in-organization-names-Google-Chrome/error-context.md
]]>
</failure>
<system-out>
<![CDATA[🗑️  Cleaning up all test tenants...
🗑️  Cleaning up tenant: e2e-test-1749590158198-jrw0uw
🗑️  Cleaning up tenant: e2e-test-1749590158198-t28iqy
🗑️  Cleaning up tenant: e2e-test-1749590158198-9jf0l0

[[ATTACHMENT|test-results/tenant-registration-Tenant-5acb3-cters-in-organization-names-Google-Chrome/test-failed-1.png]]

[[ATTACHMENT|test-results/tenant-registration-Tenant-5acb3-cters-in-organization-names-Google-Chrome/video.webm]]

[[ATTACHMENT|test-results/tenant-registration-Tenant-5acb3-cters-in-organization-names-Google-Chrome/error-context.md]]
]]>
</system-out>
</testcase>
<testcase name="Tenant Registration E2E Flow › Edge Cases and Performance › should handle maximum length inputs" classname="tenant-registration.spec.ts" time="17.248">
<failure message="tenant-registration.spec.ts:323:9 should handle maximum length inputs" type="FAILURE">
<![CDATA[  [Google Chrome] › tenant-registration.spec.ts:323:9 › Tenant Registration E2E Flow › Edge Cases and Performance › should handle maximum length inputs 

    Error: Timed out 10000ms waiting for expect(locator).toHaveURL(expected)

    Locator: locator(':root')
    Expected pattern: /\/e2e-test-1749590179886-dd2o9h\/admin/
    Received string:  "http://localhost:3000/register-org"
    Call log:
      - expect.toHaveURL with timeout 10000ms
      - waiting for locator(':root')
        13 × locator resolved to <html lang="en">…</html>
           - unexpected value "http://localhost:3000/register-org"


      328 |
      329 |       // Should handle maximum length inputs
    > 330 |       await expect(page).toHaveURL(new RegExp(`/${maximalData.organizationSlug}/admin`));
          |                          ^
      331 |     });
      332 |
      333 |     test('should complete registration within reasonable time', async ({ page }) => {
        at /home/onionlake-admin/PROJECT/gol_2025/e2e/tests/tenant-registration.spec.ts:330:26

    attachment #1: screenshot (image/png) ──────────────────────────────────────────────────────────
    test-results/tenant-registration-Tenant-26e3b-andle-maximum-length-inputs-Google-Chrome/test-failed-1.png
    ────────────────────────────────────────────────────────────────────────────────────────────────

    attachment #2: video (video/webm) ──────────────────────────────────────────────────────────────
    test-results/tenant-registration-Tenant-26e3b-andle-maximum-length-inputs-Google-Chrome/video.webm
    ────────────────────────────────────────────────────────────────────────────────────────────────

    Error Context: ../test-results/tenant-registration-Tenant-26e3b-andle-maximum-length-inputs-Google-Chrome/error-context.md
]]>
</failure>
<system-out>
<![CDATA[🗑️  Cleaning up all test tenants...
🗑️  Cleaning up tenant: e2e-test-1749590179885-20rxhz
🗑️  Cleaning up tenant: e2e-test-1749590179886-dd2o9h
🗑️  Cleaning up tenant: e2e-test-1749590179886-0fuftq

[[ATTACHMENT|test-results/tenant-registration-Tenant-26e3b-andle-maximum-length-inputs-Google-Chrome/test-failed-1.png]]

[[ATTACHMENT|test-results/tenant-registration-Tenant-26e3b-andle-maximum-length-inputs-Google-Chrome/video.webm]]

[[ATTACHMENT|test-results/tenant-registration-Tenant-26e3b-andle-maximum-length-inputs-Google-Chrome/error-context.md]]
]]>
</system-out>
</testcase>
<testcase name="Tenant Registration E2E Flow › Edge Cases and Performance › should complete registration within reasonable time" classname="tenant-registration.spec.ts" time="17.012">
<failure message="tenant-registration.spec.ts:333:9 should complete registration within reasonable time" type="FAILURE">
<![CDATA[  [Google Chrome] › tenant-registration.spec.ts:333:9 › Tenant Registration E2E Flow › Edge Cases and Performance › should complete registration within reasonable time 

    Error: Timed out 10000ms waiting for expect(locator).toHaveURL(expected)

    Locator: locator(':root')
    Expected pattern: /\/e2e-test-1749590202258-i98jxm\/admin/
    Received string:  "http://localhost:3000/register-org"
    Call log:
      - expect.toHaveURL with timeout 10000ms
      - waiting for locator(':root')
        13 × locator resolved to <html lang="en">…</html>
           - unexpected value "http://localhost:3000/register-org"


      338 |       await fillRegistrationForm(page, testData);
      339 |       await page.click(FORM_SELECTORS.submitButton);
    > 340 |       await expect(page).toHaveURL(new RegExp(`/${testData.organizationSlug}/admin`));
          |                          ^
      341 |
      342 |       const endTime = Date.now();
      343 |       const registrationTime = endTime - startTime;
        at /home/onionlake-admin/PROJECT/gol_2025/e2e/tests/tenant-registration.spec.ts:340:26

    attachment #1: screenshot (image/png) ──────────────────────────────────────────────────────────
    test-results/tenant-registration-Tenant-11e50-tion-within-reasonable-time-Google-Chrome/test-failed-1.png
    ────────────────────────────────────────────────────────────────────────────────────────────────

    attachment #2: video (video/webm) ──────────────────────────────────────────────────────────────
    test-results/tenant-registration-Tenant-11e50-tion-within-reasonable-time-Google-Chrome/video.webm
    ────────────────────────────────────────────────────────────────────────────────────────────────

    Error Context: ../test-results/tenant-registration-Tenant-11e50-tion-within-reasonable-time-Google-Chrome/error-context.md
]]>
</failure>
<system-out>
<![CDATA[🗑️  Cleaning up all test tenants...
🗑️  Cleaning up tenant: e2e-test-1749590202258-i98jxm

[[ATTACHMENT|test-results/tenant-registration-Tenant-11e50-tion-within-reasonable-time-Google-Chrome/test-failed-1.png]]

[[ATTACHMENT|test-results/tenant-registration-Tenant-11e50-tion-within-reasonable-time-Google-Chrome/video.webm]]

[[ATTACHMENT|test-results/tenant-registration-Tenant-11e50-tion-within-reasonable-time-Google-Chrome/error-context.md]]
]]>
</system-out>
</testcase>
</testsuite>
</testsuites>